<?xml version="1.0" encoding="UTF-8"?>
<testsuite xmlns:xsi="http://www.w3.org/2001/XMLSchema-instance" xsi:noNamespaceSchemaLocation="https://maven.apache.org/surefire/maven-surefire-plugin/xsd/surefire-test-report-3.0.xsd" version="3.0" name="com.example.gralldemo.GralldemoApplicationTests" time="4.98" tests="1" errors="0" skipped="0" failures="0">
  <properties>
[...]
</properties>
  <testcase name="contextLoads" classname="com.example.gralldemo.GralldemoApplicationTests" time="1.018">
    <system-out><![CDATA[10:00:50.230 [main] INFO org.springframework.test.context.support.AnnotationConfigContextLoaderUtils -- Could not detect default configuration classes for test class [com.example.gralldemo.GralldemoApplicationTests]: GralldemoApplicationTests does not declare any static, non-private, non-final, nested classes annotated with @Configuration.
10:00:50.455 [main] INFO org.springframework.boot.test.context.SpringBootTestContextBootstrapper -- Found @SpringBootConfiguration com.example.gralldemo.GralldemoApplication for test class com.example.gralldemo.GralldemoApplicationTests

  .   ____          _            __ _ _
 /\\ / ___'_ __ _ _(_)_ __  __ _ \ \ \ \
( ( )\___ | '_ | '_| | '_ \/ _` | \ \ \ \
 \\/  ___)| |_)| | | | | || (_| |  ) ) ) )
  '  |____| .__|_| |_|_| |_\__, | / / / /
 =========|_|==============|___/=/_/_/_/
 :: Spring Boot ::                (v3.2.5)

2026-07-15T10:00:51.044+05:30  INFO 16932 --- [gralldemo] [           main] c.e.gralldemo.GralldemoApplicationTests  : Starting GralldemoApplicationTests using Java 17.0.12 with PID 16932 (started by kasiram.palpandi in D:\emburse grallvm\gralldemo)
2026-07-15T10:00:51.046+05:30  INFO 16932 --- [gralldemo] [           main] c.e.gralldemo.GralldemoApplicationTests  : No active profile set, falling back to 1 default profile: "default"
2026-07-15T10:00:53.819+05:30  INFO 16932 --- [gralldemo] [           main] o.a.c.impl.engine.AbstractCamelContext   : Apache Camel 4.18.2 (camel-1) is starting
2026-07-15T10:00:53.839+05:30  INFO 16932 --- [gralldemo] [           main] o.a.c.impl.engine.AbstractCamelContext   : Routes startup (total:1)
2026-07-15T10:00:53.841+05:30  INFO 16932 --- [gralldemo] [           main] o.a.c.impl.engine.AbstractCamelContext   :     Started route1 (platform-http:///hello)
2026-07-15T10:00:53.841+05:30  INFO 16932 --- [gralldemo] [           main] o.a.c.impl.engine.AbstractCamelContext   : Apache Camel 4.18.2 (camel-1) started in 19ms (build:0ms init:0ms start:19ms boot:1s278ms)
2026-07-15T10:00:53.843+05:30  INFO 16932 --- [gralldemo] [           main] c.e.gralldemo.GralldemoApplicationTests  : Started GralldemoApplicationTests in 3.133 seconds (process running for 14.275)
]]></system-out>
  </testcase>
</testsuite>